<?xml version="1.0" encoding="UTF-8"?>
<!-- Generated by org.testng.reporters.JUnitReportReporter -->
<testsuite hostname="Sivanath" failures="0" tests="1" name="Test.LoginPageValidation" time="55.853" errors="0" timestamp="2025-08-07T20:04:31 IST" skipped="0">
  <testcase classname="Test.LoginPageValidation" name="sampleTest" time="55.853"/>
</testsuite> <!-- Test.LoginPageValidation -->
