<?xml version="1.0" encoding="UTF-8"?>
<!-- Generated by org.testng.reporters.JUnitReportReporter -->
<testsuite hostname="Sivanath" failures="0" tests="1" name="Test.UpgradeWindowValidation" time="18.377" errors="0" timestamp="2025-08-09T19:17:24 IST" skipped="0">
  <testcase classname="Test.UpgradeWindowValidation" name="UpgradeWindowPage" time="18.377"/>
</testsuite> <!-- Test.UpgradeWindowValidation -->
