<?xml version="1.0" encoding="UTF-8"?>
<!-- Generated by org.testng.reporters.JUnitReportReporter -->
<testsuite hostname="Sivanath" failures="0" tests="1" name="Test.HomePageValidation" time="6.866" errors="0" timestamp="2025-08-09T21:25:01 IST" skipped="0">
  <testcase classname="Test.HomePageValidation" name="Homepageverification" time="6.866"/>
</testsuite> <!-- Test.HomePageValidation -->
