<?xml version="1.0" encoding="UTF-8"?>
<!-- Generated by org.testng.reporters.JUnitReportReporter -->
<testsuite hostname="Sivanath" failures="0" tests="3" name="Test.LoginPageValidation" time="39.480" errors="0" timestamp="2025-08-10T22:31:34 IST" skipped="0">
  <testcase classname="Test.LoginPageValidation" name="PageValidation" time="11.422"/>
  <testcase classname="Test.LoginPageValidation" name="sampleTest" time="12.664"/>
  <testcase classname="Test.LoginPageValidation" name="LoginTest" time="15.394"/>
</testsuite> <!-- Test.LoginPageValidation -->
