<?xml version="1.0" encoding="UTF-8"?>
<!-- Generated by org.testng.reporters.JUnitReportReporter -->
<testsuite hostname="Sivanath" failures="0" tests="2" name="Test.LoginPageValidation" time="11.398" errors="0" timestamp="2025-08-07T14:22:22 IST" skipped="0">
  <testcase classname="Test.LoginPageValidation" name="PageValidation" time="6.041"/>
  <testcase classname="Test.LoginPageValidation" name="LoginTest" time="5.357"/>
</testsuite> <!-- Test.LoginPageValidation -->
