<?xml version="1.0" encoding="UTF-8"?>
<!-- Generated by org.testng.reporters.JUnitReportReporter -->
<testsuite hostname="Sivanath" failures="0" tests="1" name="Test.LoginPageValidation" time="10.333" errors="0" timestamp="2025-08-07T12:26:51 IST" skipped="0">
  <testcase classname="Test.LoginPageValidation" name="LoginTest" time="10.333"/>
</testsuite> <!-- Test.LoginPageValidation -->
