<?xml version="1.0" encoding="UTF-8"?>
<!-- Generated by org.testng.reporters.JUnitReportReporter -->
<testsuite hostname="Sivanath" failures="0" tests="1" name="Test.UpgradeWindowValidation" time="20.407" errors="0" timestamp="2025-08-10T22:31:34 IST" skipped="0">
  <testcase classname="Test.UpgradeWindowValidation" name="UpgradeWindowPage" time="20.407"/>
</testsuite> <!-- Test.UpgradeWindowValidation -->
