<?xml version="1.0" encoding="UTF-8"?>
<!-- Generated by org.testng.reporters.JUnitReportReporter -->
<testsuite hostname="Sivanath" failures="0" tests="1" name="Test.HomePageValidation" time="9.877" errors="0" timestamp="2025-08-10T22:31:34 IST" skipped="0">
  <testcase classname="Test.HomePageValidation" name="Homepageverification" time="9.877"/>
</testsuite> <!-- Test.HomePageValidation -->
