<?xml version="1.0" encoding="UTF-8"?>
<!-- Generated by org.testng.reporters.JUnitReportReporter -->
<testsuite hostname="Sivanath" failures="0" tests="3" name="Test.LoginPageValidation" time="23.073" errors="0" timestamp="2025-08-09T21:25:01 IST" skipped="0">
  <testcase classname="Test.LoginPageValidation" name="LoginTest" time="6.974"/>
  <testcase classname="Test.LoginPageValidation" name="sampleTest" time="9.886"/>
  <testcase classname="Test.LoginPageValidation" name="PageValidation" time="6.213"/>
</testsuite> <!-- Test.LoginPageValidation -->
